<?xml version="1.0" encoding="UTF-8"?>
<!-- Generated by org.testng.reporters.JUnitXMLReporter -->
<testsuite hostname="Preeti" ignored="1" name="CreditCheckTest2" tests="2" failures="0" timestamp="09 Aug 2018 06:46:13 GMT" time="176.397" errors="0">
  <testcase name="ValidUserLogin" time="14.978" classname="testCases.LOS.CreditCheck.LOS_2_LoanOffer"/>
  <testcase name="IndependentLoanOffer" time="156.376" classname="testCases.LOS.CreditCheck.LOS_2_LoanOffer"/>
  <testcase name="TutionLoanOffer" time="0.0" classname="testCases.LOS.CreditCheck.LOS_2_LoanOffer">
    <ignored/>
  </testcase> <!-- TutionLoanOffer -->
</testsuite> <!-- CreditCheckTest2 -->
