<?xml version="1.0" encoding="UTF-8"?>
<!-- Generated by org.testng.reporters.JUnitXMLReporter -->
<testsuite hostname="Preeti" ignored="4" name="CreditCheckTest1" tests="1" failures="0" timestamp="09 Aug 2018 06:43:16 GMT" time="155.343" errors="0">
  <testcase name="hardKOCheck" time="136.589" classname="testCases.LOS.CreditCheck.LOS_1_CreditCheck"/>
  <testcase name="CreditCheckTutionLoanApp" time="0.0" classname="testCases.LOS.CreditCheck.LOS_1_CreditCheck">
    <ignored/>
  </testcase> <!-- CreditCheckTutionLoanApp -->
  <testcase name="pendingCheck" time="0.0" classname="testCases.LOS.CreditCheck.LOS_1_CreditCheck">
    <ignored/>
  </testcase> <!-- pendingCheck -->
  <testcase name="CreditCheckPtfi" time="0.0" classname="testCases.LOS.CreditCheck.LOS_1_CreditCheck">
    <ignored/>
  </testcase> <!-- CreditCheckPtfi -->
  <testcase name="CreditCheckIndLoanApp" time="0.0" classname="testCases.LOS.CreditCheck.LOS_1_CreditCheck">
    <ignored/>
  </testcase> <!-- CreditCheckIndLoanApp -->
</testsuite> <!-- CreditCheckTest1 -->
