<?xml version="1.0" encoding="UTF-8"?>
<!-- Generated by org.testng.reporters.JUnitXMLReporter -->
<testsuite hostname="Preeti" ignored="1" name="Login2" tests="3" failures="0" timestamp="09 Aug 2018 06:40:41 GMT" time="67.826" errors="0">
  <testcase name="checkIndependentEligibiltyTest" time="25.275" classname="testCases.LOS.LOS_2_EligibilityCheck"/>
  <testcase name="checkschoolNotFound" time="11.924" classname="testCases.LOS.LOS_2_EligibilityCheck"/>
  <testcase name="reapplyExistingLoans" time="14.197" classname="testCases.LOS.LOS_2_EligibilityCheck"/>
  <testcase name="checkTutionEligibiltyTest" time="0.0" classname="testCases.LOS.LOS_2_EligibilityCheck">
    <ignored/>
  </testcase> <!-- checkTutionEligibiltyTest -->
</testsuite> <!-- Login2 -->
