<?xml version="1.0" encoding="UTF-8"?>
<!-- Generated by org.testng.reporters.JUnitXMLReporter -->
<testsuite hostname="Preeti" ignored="3" name="LOS_2_EligibilityCheck" tests="2" failures="1" timestamp="13 Jul 2018 07:48:39 GMT" time="30.628" errors="0">
  <testcase name="ValidUserLogin" time="10.229" classname="testCases.LOS.LOS_2_EligibilityCheck"/>
  <testcase name="checkIndependentEligibiltyTest" time="14.2" classname="testCases.LOS.LOS_2_EligibilityCheck">
    <failure type="java.lang.AssertionError" message="expected [true] but found [State values has not been cleared ]">
      <![CDATA[java.lang.AssertionError: expected [true] but found [State values has not been cleared ]
at pageObjects.Reapply.eligibilityTestIndependent(Reapply.java:105)
at testCases.LOS.LOS_2_EligibilityCheck.checkIndependentEligibiltyTest(LOS_2_EligibilityCheck.java:46)
... Removed 30 stack frames]]>
    </failure>
  </testcase> <!-- checkIndependentEligibiltyTest -->
  <testcase name="checkschoolNotFound" time="0.0" classname="testCases.LOS.LOS_2_EligibilityCheck">
    <ignored/>
  </testcase> <!-- checkschoolNotFound -->
  <testcase name="reapplyExistingLoans" time="0.0" classname="testCases.LOS.LOS_2_EligibilityCheck">
    <ignored/>
  </testcase> <!-- reapplyExistingLoans -->
  <testcase name="checkTutionEligibiltyTest" time="0.0" classname="testCases.LOS.LOS_2_EligibilityCheck">
    <ignored/>
  </testcase> <!-- checkTutionEligibiltyTest -->
</testsuite> <!-- LOS_2_EligibilityCheck -->
