<?xml version="1.0" encoding="UTF-8"?>
<!-- Generated by org.testng.reporters.JUnitXMLReporter -->
<testsuite hostname="Preeti" ignored="1" name="LOS_3_TaskList" tests="2" failures="1" timestamp="17 Jul 2018 05:52:07 GMT" time="36.34" errors="0">
  <testcase name="ValidUserLogin" time="30.22" classname="testCases.LOS.TaskList.LOS_1_Task">
    <failure type="org.openqa.selenium.WebDriverException" message="Failed to decode response from marionette
Build info: version: &amp;apos;3.13.0&amp;apos;, revision: &amp;apos;2f0d292&amp;apos;, time: &amp;apos;2018-06-25T15:24:21.231Z&amp;apos;
System info: host: &amp;apos;PREETI&amp;apos;, ip: &amp;apos;192.168.10.191&amp;apos;, os.name: &amp;apos;Windows 7&amp;apos;, os.arch: &amp;apos;amd64&amp;apos;, os.version: &amp;apos;6.1&amp;apos;, java.version: &amp;apos;1.8.0_171&amp;apos;
Driver info: org.openqa.selenium.firefox.FirefoxDriver
Capabilities {acceptInsecureCerts: true, browserName: firefox, browserVersion: 57.0, javascriptEnabled: true, moz:accessibilityChecks: false, moz:headless: false, moz:processID: 18312, moz:profile: C:\Users\Preeti Sharma\AppD..., moz:webdriverClick: false, pageLoadStrategy: normal, platform: XP, platformName: XP, platformVersion: 6.1, rotatable: false, timeouts: {implicit: 0, pageLoad: 300000, script: 30000}}
Session ID: 9360437e-8ac0-4fd0-9131-43e0200491d0">
      <![CDATA[org.openqa.selenium.WebDriverException: Failed to decode response from marionette
Build info: version: '3.13.0', revision: '2f0d292', time: '2018-06-25T15:24:21.231Z'
System info: host: 'PREETI', ip: '192.168.10.191', os.name: 'Windows 7', os.arch: 'amd64', os.version: '6.1', java.version: '1.8.0_171'
Driver info: org.openqa.selenium.firefox.FirefoxDriver
Capabilities {acceptInsecureCerts: true, browserName: firefox, browserVersion: 57.0, javascriptEnabled: true, moz:accessibilityChecks: false, moz:headless: false, moz:processID: 18312, moz:profile: C:\Users\Preeti Sharma\AppD..., moz:webdriverClick: false, pageLoadStrategy: normal, platform: XP, platformName: XP, platformVersion: 6.1, rotatable: false, timeouts: {implicit: 0, pageLoad: 300000, script: 30000}}
Session ID: 9360437e-8ac0-4fd0-9131-43e0200491d0
at org.openqa.selenium.remote.http.W3CHttpResponseCodec.createException(W3CHttpResponseCodec.java:187)
at org.openqa.selenium.remote.http.W3CHttpResponseCodec.decode(W3CHttpResponseCodec.java:122)
at org.openqa.selenium.remote.http.W3CHttpResponseCodec.decode(W3CHttpResponseCodec.java:49)
at org.openqa.selenium.remote.HttpCommandExecutor.execute(HttpCommandExecutor.java:158)
at org.openqa.selenium.remote.service.DriverCommandExecutor.execute(DriverCommandExecutor.java:83)
at org.openqa.selenium.remote.RemoteWebDriver.execute(RemoteWebDriver.java:548)
at org.openqa.selenium.remote.RemoteWebDriver$RemoteWebDriverOptions$RemoteTimeouts.implicitlyWait(RemoteWebDriver.java:776)
at pageObjects.Login.login(Login.java:48)
at testCases.LOS.TaskList.LOS_1_Task.ValidUserLogin(LOS_1_Task.java:35)
at java.util.concurrent.FutureTask.run(FutureTask.java:266)
at java.util.concurrent.ThreadPoolExecutor.runWorker(ThreadPoolExecutor.java:1149)
at java.util.concurrent.ThreadPoolExecutor$Worker.run(ThreadPoolExecutor.java:624)
at java.lang.Thread.run(Thread.java:748)
... Removed 20 stack frames]]>
    </failure>
  </testcase> <!-- ValidUserLogin -->
  <testcase name="ptfiTasks" time="0.002" classname="testCases.LOS.TaskList.LOS_1_Task"/>
  <testcase name="TaskListCreation" time="0.0" classname="testCases.LOS.TaskList.LOS_1_Task">
    <ignored/>
  </testcase> <!-- TaskListCreation -->
</testsuite> <!-- LOS_3_TaskList -->
