<?xml version="1.0" encoding="UTF-8"?>
<!-- Generated by org.testng.reporters.JUnitXMLReporter -->
<testsuite hostname="Preeti" ignored="1" name="LOS_1_Login" tests="6" failures="0" timestamp="16 Jul 2018 10:05:57 GMT" time="103.408" errors="0">
  <testcase name="InvalidUserLogin" time="8.767" classname="testCases.LOS.LOS_1_Login"/>
  <testcase name="ValidUserLogin" time="15.018" classname="testCases.LOS.LOS_2_EligibilityCheck"/>
  <testcase name="ValidUserLogin" time="7.132" classname="testCases.LOS.LOS_1_Login"/>
  <testcase name="checkIndependentEligibiltyTest" time="31.186" classname="testCases.LOS.LOS_2_EligibilityCheck"/>
  <testcase name="checkschoolNotFound" time="10.972" classname="testCases.LOS.LOS_2_EligibilityCheck"/>
  <testcase name="reapplyExistingLoans" time="19.58" classname="testCases.LOS.LOS_2_EligibilityCheck"/>
  <testcase name="checkTutionEligibiltyTest" time="0.0" classname="testCases.LOS.LOS_2_EligibilityCheck">
    <ignored/>
  </testcase> <!-- checkTutionEligibiltyTest -->
</testsuite> <!-- LOS_1_Login -->
