<?xml version="1.0" encoding="UTF-8"?>
<!-- Generated by org.testng.reporters.JUnitXMLReporter -->
<testsuite hostname="Preeti" ignored="4" name="LOS_1_CreditCheck" tests="2" failures="1" timestamp="13 Jul 2018 07:49:10 GMT" time="30.607" errors="0">
  <testcase name="ValidUserLogin" time="10.172" classname="testCases.LOS.CreditCheck.LOS_1_CreditCheck"/>
  <testcase name="pendingCheck" time="14.175" classname="testCases.LOS.CreditCheck.LOS_1_CreditCheck">
    <failure type="java.lang.AssertionError" message="expected [true] but found [State values has not been cleared ]">
      <![CDATA[java.lang.AssertionError: expected [true] but found [State values has not been cleared ]
at pageObjects.Reapply.eligibilityTestIndependent(Reapply.java:105)
at pageObjects.ApplicationForm.pendingCheck(ApplicationForm.java:384)
at testCases.LOS.CreditCheck.LOS_1_CreditCheck.pendingCheck(LOS_1_CreditCheck.java:79)
... Removed 30 stack frames]]>
    </failure>
  </testcase> <!-- pendingCheck -->
  <testcase name="CreditCheckTutionLoanApp" time="0.0" classname="testCases.LOS.CreditCheck.LOS_1_CreditCheck">
    <ignored/>
  </testcase> <!-- CreditCheckTutionLoanApp -->
  <testcase name="CreditCheckPtfi" time="0.0" classname="testCases.LOS.CreditCheck.LOS_1_CreditCheck">
    <ignored/>
  </testcase> <!-- CreditCheckPtfi -->
  <testcase name="CreditCheckIndLoanApp" time="0.0" classname="testCases.LOS.CreditCheck.LOS_1_CreditCheck">
    <ignored/>
  </testcase> <!-- CreditCheckIndLoanApp -->
  <testcase name="hardKOCheck" time="0.0" classname="testCases.LOS.CreditCheck.LOS_1_CreditCheck">
    <ignored/>
  </testcase> <!-- hardKOCheck -->
</testsuite> <!-- LOS_1_CreditCheck -->
