<?xml version="1.0" encoding="UTF-8"?>
<!-- Generated by org.testng.reporters.JUnitXMLReporter -->
<testsuite hostname="Preeti" ignored="1" name="Default test" tests="3" failures="0" timestamp="10 Aug 2018 07:48:16 GMT" time="80.189" errors="0">
  <testcase name="checkIndependentEligibiltyTest" time="25.896" classname="testCases.LOS.LOS_2_EligibilityCheck"/>
  <testcase name="checkschoolNotFound" time="13.487" classname="testCases.LOS.LOS_2_EligibilityCheck"/>
  <testcase name="reapplyExistingLoans" time="13.173" classname="testCases.LOS.LOS_2_EligibilityCheck"/>
  <testcase name="checkTutionEligibiltyTest" time="0.0" classname="testCases.LOS.LOS_2_EligibilityCheck">
    <ignored/>
  </testcase> <!-- checkTutionEligibiltyTest -->
</testsuite> <!-- Default test -->
