<?xml version="1.0" encoding="UTF-8"?>
<!-- Generated by org.testng.reporters.JUnitXMLReporter -->
<testsuite hostname="Preeti" ignored="5" tests="0" failures="0" timestamp="13 Aug 2018 08:59:44 GMT" time="0.003" errors="0">
  <testcase name="CreditCheckTutionLoanApp" time="0.0" classname="testCases.LOS.CreditCheck.LOS_1_CreditCheck">
    <ignored/>
  </testcase> <!-- CreditCheckTutionLoanApp -->
  <testcase name="pendingCheck" time="0.0" classname="testCases.LOS.CreditCheck.LOS_1_CreditCheck">
    <ignored/>
  </testcase> <!-- pendingCheck -->
  <testcase name="CreditCheckPtfi" time="0.0" classname="testCases.LOS.CreditCheck.LOS_1_CreditCheck">
    <ignored/>
  </testcase> <!-- CreditCheckPtfi -->
  <testcase name="CreditCheckIndLoanApp" time="0.0" classname="testCases.LOS.CreditCheck.LOS_1_CreditCheck">
    <ignored/>
  </testcase> <!-- CreditCheckIndLoanApp -->
  <testcase name="hardKOCheck" time="0.0" classname="testCases.LOS.CreditCheck.LOS_1_CreditCheck">
    <ignored/>
  </testcase> <!-- hardKOCheck -->
</testsuite>
