<?xml version="1.0" encoding="UTF-8"?>
<!-- Generated by org.testng.reporters.JUnitXMLReporter -->
<testsuite hostname="Preeti" ignored="1" name="CreditCheckTest2" tests="2" failures="0" timestamp="13 Aug 2018 09:02:53 GMT" time="189.7" errors="0">
  <testcase name="ValidUserLogin" time="19.248" classname="testCases.LOS.CreditCheck.LOS_2_LoanOffer"/>
  <testcase name="IndependentLoanOffer" time="158.901" classname="testCases.LOS.CreditCheck.LOS_2_LoanOffer"/>
  <testcase name="TutionLoanOffer" time="0.0" classname="testCases.LOS.CreditCheck.LOS_2_LoanOffer">
    <ignored/>
  </testcase> <!-- TutionLoanOffer -->
</testsuite> <!-- CreditCheckTest2 -->
