<?xml version="1.0" encoding="UTF-8"?>
<testsuite xmlns:xsi="http://www.w3.org/2001/XMLSchema-instance" xsi:noNamespaceSchemaLocation="https://maven.apache.org/surefire/maven-surefire-plugin/xsd/surefire-test-report.xsd" name="TestSuite" time="190.893" tests="6" errors="0" skipped="0" failures="0">
  <properties>
[...]
</properties>
  <testcase name="ValidUserLogin" classname="testCases.LOS.CreditCheck.LOS_2_LoanOffer" time="0.996"/>
  <testcase name="testLogin" classname="testCases.LOS.LOS_1_Login" time="5.336"/>
  <testcase name="checkIndependentEligibiltyTest" classname="testCases.LOS.LOS_2_EligibilityCheck" time="25.675"/>
  <testcase name="checkschoolNotFound" classname="testCases.LOS.LOS_2_EligibilityCheck" time="11.412"/>
  <testcase name="reapplyExistingLoans" classname="testCases.LOS.LOS_2_EligibilityCheck" time="15.077"/>
  <testcase name="IndependentLoanOffer" classname="testCases.LOS.CreditCheck.LOS_2_LoanOffer" time="121.809"/>
</testsuite>