<?xml version="1.0" encoding="UTF-8"?>
<!-- Generated by org.testng.reporters.JUnitXMLReporter -->
<testsuite hostname="Preeti" ignored="1" name="Login2" tests="3" failures="0" timestamp="13 Aug 2018 05:41:39 GMT" time="90.619" errors="0">
  <testcase name="checkIndependentEligibiltyTest" time="26.292" classname="testCases.LOS.LOS_2_EligibilityCheck"/>
  <testcase name="checkschoolNotFound" time="11.332" classname="testCases.LOS.LOS_2_EligibilityCheck"/>
  <testcase name="reapplyExistingLoans" time="17.1" classname="testCases.LOS.LOS_2_EligibilityCheck"/>
  <testcase name="checkTutionEligibiltyTest" time="0.0" classname="testCases.LOS.LOS_2_EligibilityCheck">
    <ignored/>
  </testcase> <!-- checkTutionEligibiltyTest -->
</testsuite> <!-- Login2 -->
