<?xml version="1.0" encoding="UTF-8"?>
<!-- Generated by org.testng.reporters.JUnitXMLReporter -->
<testsuite hostname="Preeti" ignored="1" name="LOS_2_EligibilityCheck" tests="4" failures="0" timestamp="13 Jul 2018 10:54:15 GMT" time="101.108" errors="0">
  <testcase name="ValidUserLogin" time="19.953" classname="testCases.LOS.LOS_2_EligibilityCheck"/>
  <testcase name="checkIndependentEligibiltyTest" time="32.776" classname="testCases.LOS.LOS_2_EligibilityCheck"/>
  <testcase name="checkschoolNotFound" time="11.508" classname="testCases.LOS.LOS_2_EligibilityCheck"/>
  <testcase name="reapplyExistingLoans" time="31.73" classname="testCases.LOS.LOS_2_EligibilityCheck"/>
  <testcase name="checkTutionEligibiltyTest" time="0.0" classname="testCases.LOS.LOS_2_EligibilityCheck">
    <ignored/>
  </testcase> <!-- checkTutionEligibiltyTest -->
</testsuite> <!-- LOS_2_EligibilityCheck -->
