<?xml version="1.0" encoding="UTF-8"?>
<!-- Generated by org.testng.reporters.JUnitXMLReporter -->
<testsuite hostname="Preeti" ignored="2" name="LOS_1_CreditCheck" tests="4" failures="0" timestamp="13 Jul 2018 10:59:14 GMT" time="299.187" errors="0">
  <testcase name="ValidUserLogin" time="13.608" classname="testCases.LOS.CreditCheck.LOS_1_CreditCheck"/>
  <testcase name="CreditCheckPtfi" time="93.254" classname="testCases.LOS.CreditCheck.LOS_1_CreditCheck"/>
  <testcase name="hardKOCheck" time="91.832" classname="testCases.LOS.CreditCheck.LOS_1_CreditCheck"/>
  <testcase name="pendingCheck" time="95.197" classname="testCases.LOS.CreditCheck.LOS_1_CreditCheck"/>
  <testcase name="CreditCheckTutionLoanApp" time="0.0" classname="testCases.LOS.CreditCheck.LOS_1_CreditCheck">
    <ignored/>
  </testcase> <!-- CreditCheckTutionLoanApp -->
  <testcase name="CreditCheckIndLoanApp" time="0.0" classname="testCases.LOS.CreditCheck.LOS_1_CreditCheck">
    <ignored/>
  </testcase> <!-- CreditCheckIndLoanApp -->
</testsuite> <!-- LOS_1_CreditCheck -->
